make all --print-data-base --no-builtin-variables --no-builtin-rules --question
# GNU Make 4.2.1
# Built for x86_64-pc-linux-gnu
# Copyright (C) 1988-2016 Free Software Foundation, Inc.
# License GPLv3+: GNU GPL version 3 or later <http://gnu.org/licenses/gpl.html>
# This is free software: you are free to change and redistribute it.
# There is NO WARRANTY, to the extent permitted by law.

# Make data base, printed on Sun Aug  7 11:51:30 2022

# Variables

# 'override' directive
GNUMAKEFLAGS := 
# automatic
<D = $(patsubst %/,%,$(dir $<))
# automatic
?F = $(notdir $?)
# environment
DESKTOP_SESSION = ubuntu
# default
.SHELLFLAGS := -c
# environment
XDG_SESSION_CLASS = user
# environment
XDG_SESSION_TYPE = x11
# automatic
?D = $(patsubst %/,%,$(dir $?))
# environment
IM_CONFIG_PHASE = 1
# environment
PLATFORMIO_IDE = 2.5.1
# automatic
@D = $(patsubst %/,%,$(dir $@))
# environment
XAUTHORITY = /run/user/1000/gdm/Xauthority
# environment
GDMSESSION = ubuntu
# environment
XMODIFIERS = @im=ibus
# makefile
CURDIR := /home/dennis/code/project/src
# makefile
SHELL = /bin/sh
# environment
VSCODE_NLS_CONFIG = {"locale":"de","availableLanguages":{"*":"de"},"_languagePackId":"ac49ed8871898f6ccc91afa1076d75a0.de","_translationsConfigFile":"/home/dennis/.config/Code/clp/ac49ed8871898f6ccc91afa1076d75a0.de/tcf.json","_cacheRoot":"/home/dennis/.config/Code/clp/ac49ed8871898f6ccc91afa1076d75a0.de","_resolvedLanguagePackCoreLocation":"/home/dennis/.config/Code/clp/ac49ed8871898f6ccc91afa1076d75a0.de/3b889b090b5ad5793f524b5d1d39fda662b96a2a","_corruptedFile":"/home/dennis/.config/Code/clp/ac49ed8871898f6ccc91afa1076d75a0.de/corrupted.info","_languagePackSupport":true}
# environment
_ = /usr/share/code/code
# environment
JOURNAL_STREAM = 8:42220
# environment
XDG_CONFIG_DIRS = /etc/xdg/xdg-ubuntu:/etc/xdg
# makefile
MAKEFILE_LIST := 
# environment
ROS_DOMAIN_ID = 6
# environment
GIO_LAUNCHED_DESKTOP_FILE = /usr/share/applications/code.desktop
# environment
QT_IM_MODULE = ibus
# environment
USERNAME = dennis
# environment
MAKELEVEL := 0
# environment
XDG_DATA_DIRS = /usr/share/ubuntu:/usr/local/share/:/usr/share/:/var/lib/snapd/desktop
# environment
DBUS_SESSION_BUS_ADDRESS = unix:path=/run/user/1000/bus
# environment
MANAGERPID = 902
# environment
TURTLEBOT3_MODEL = waffle
# environment
ROS_PYTHON_VERSION = 3
# environment
LESSOPEN = | /usr/bin/lesspipe %s
# environment
LS_COLORS = 
# environment
LC_NAME = de_DE.UTF-8
# environment
VSCODE_CWD = /home/dennis
# default
MAKE_HOST := x86_64-pc-linux-gnu
# environment
NO_PROXY = 127.0.0.1
# environment
XDG_SESSION_DESKTOP = ubuntu
# environment
GPG_AGENT_INFO = /run/user/1000/gnupg/S.gpg-agent:0:1
# environment
GJS_DEBUG_OUTPUT = stderr
# automatic
@F = $(notdir $@)
# environment
SESSION_MANAGER = local/dennis-AStA:@/tmp/.ICE-unix/1203,unix/dennis-AStA:/tmp/.ICE-unix/1203
# environment
XDG_RUNTIME_DIR = /run/user/1000
# environment
XDG_MENU_PREFIX = gnome-
# environment
ELECTRON_RUN_AS_NODE = 1
# environment
INVOCATION_ID = d7d6900a1caf46f3aa64554928aa672e
# default
.FEATURES := target-specific order-only second-expansion else-if shortest-stem undefine oneshell archives jobserver output-sync check-symlink load
# environment
CMAKE_PREFIX_PATH = /home/dennis/code/project/install/tb3_gazebo:/home/dennis/code/project/install/executive_smach_visualization:/home/dennis/code/project/install/smach_viewer:/home/dennis/code/project/install/executive_smach:/home/dennis/code/project/install/smach_msgs:/home/dennis/code/project/install/openrobotics_darknet_ros:/home/dennis/code/project/install/darknet_vendor:/home/dennis/code/project/install/custom_msg:/home/dennis/code/project/install/apriltag_ros:/home/dennis/code/project/install/apriltag_msgs
# environment
ROS_LOCALHOST_ONLY = 0
# environment
ROS_DISTRO = foxy
# environment
SSH_AUTH_SOCK = /run/user/1000/keyring/ssh
# environment
GIO_LAUNCHED_DESKTOP_FILE_PID = 4289
# automatic
%F = $(notdir $%)
# environment
DISPLAY = :0
# environment
PWD = /home/dennis/code/project/src
# default
.LOADED := 
# environment
SSH_AGENT_PID = 1165
# environment
PKG_CONFIG_PATH = /home/dennis/code/project/install/darknet_vendor/lib/x86_64-linux-gnu/pkgconfig:/home/dennis/code/project/install/darknet_vendor/lib/pkgconfig
# environment
ORIGINAL_XDG_CURRENT_DESKTOP = ubuntu:GNOME
# environment
COLCON_PREFIX_PATH = /home/dennis/code/project/install
# environment
GTK_MODULES = gail:atk-bridge
# environment
VSCODE_AMD_ENTRYPOINT = vs/workbench/api/node/extensionHostProcess
# environment
HOME = /home/dennis
# environment
LD_LIBRARY_PATH = /home/dennis/code/project/install/smach_msgs/lib:/home/dennis/code/project/install/openrobotics_darknet_ros/lib:/home/dennis/code/project/install/darknet_vendor/lib:/home/dennis/code/project/install/custom_msg/lib:/home/dennis/code/project/install/apriltag_ros/lib:/home/dennis/code/project/install/apriltag_msgs/lib:/usr/lib/x86_64-linux-gnu/gazebo-11/plugins:/opt/ros/foxy/opt/yaml_cpp_vendor/lib:/opt/ros/foxy/opt/rviz_ogre_vendor/lib:/opt/ros/foxy/lib/x86_64-linux-gnu:/opt/ros/foxy/lib
# environment
LESSCLOSE = /usr/bin/lesspipe %s %s
# environment
AMENT_PREFIX_PATH = /home/dennis/code/project/install/teleop:/home/dennis/code/project/install/tb3_gazebo:/home/dennis/code/project/install/tb3_description:/home/dennis/code/project/install/executive_smach_visualization:/home/dennis/code/project/install/smach_viewer:/home/dennis/code/project/install/executive_smach:/home/dennis/code/project/install/smach_ros:/home/dennis/code/project/install/smach_msgs:/home/dennis/code/project/install/smach:/home/dennis/code/project/install/rqt_joy:/home/dennis/code/project/install/openrobotics_darknet_ros:/home/dennis/code/project/install/my_robot_slam:/home/dennis/code/project/install/my_robot_navigation:/home/dennis/code/project/install/img_pub:/home/dennis/code/project/install/custom_msg:/home/dennis/code/project/install/curator:/home/dennis/code/project/install/arams:/home/dennis/code/project/install/apriltag_ros:/home/dennis/code/project/install/apriltag_msgs:/home/dennis/code/project/install/apriltag_listener:/opt/ros/foxy
# environment
VSCODE_CODE_CACHE_PATH = /home/dennis/.config/Code/CachedData/3b889b090b5ad5793f524b5d1d39fda662b96a2a
# environment
LOGNAME = dennis
# environment
APPLICATION_INSIGHTS_NO_DIAGNOSTIC_CHANNEL = 1
# automatic
+F = $(notdir $+)
# environment
VSCODE_HANDLES_UNCAUGHT_ERRORS = true
# environment
GNOME_DESKTOP_SESSION_ID = this-is-deprecated
# automatic
^D = $(patsubst %/,%,$(dir $^))
# environment
LC_TIME = de_DE.UTF-8
# environment
PLATFORMIO_PATH = /home/dennis/.platformio/python3/bin:/home/dennis/.local/bin:/home/dennis/code/project/install/rqt_joy/bin:/home/dennis/code/project/install/darknet_vendor/bin:/opt/ros/foxy/bin:/home/dennis/.local/bin:/usr/local/sbin:/usr/local/bin:/usr/sbin:/usr/bin:/sbin:/bin:/usr/games:/usr/local/games:/snap/bin
# default
MAKE = $(MAKE_COMMAND)
# default
MAKECMDGOALS := all
# environment
PATH = /home/dennis/.local/bin:/home/dennis/code/project/install/rqt_joy/bin:/home/dennis/code/project/install/darknet_vendor/bin:/opt/ros/foxy/bin:/home/dennis/.local/bin:/usr/local/sbin:/usr/local/bin:/usr/sbin:/usr/bin:/sbin:/bin:/usr/games:/usr/local/games:/snap/bin
# environment
SHLVL = 0
# environment
GNOME_SHELL_SESSION_MODE = ubuntu
# default
MAKE_VERSION := 4.2.1
# environment
USER = dennis
# environment
LC_MONETARY = de_DE.UTF-8
# makefile
.DEFAULT_GOAL := 
# environment
XDG_CURRENT_DESKTOP = Unity
# automatic
%D = $(patsubst %/,%,$(dir $%))
# environment
LC_TELEPHONE = de_DE.UTF-8
# default
MAKE_COMMAND := make
# default
.VARIABLES := 
# automatic
*F = $(notdir $*)
# environment
VSCODE_IPC_HOOK = /run/user/1000/vscode-94258af3-1.69.2-main.sock
# environment
PYTHONPATH = /home/dennis/code/project/install/teleop/lib/python3.8/site-packages:/home/dennis/code/project/install/tb3_description/lib/python3.8/site-packages:/home/dennis/code/project/install/smach_viewer/lib/python3.8/site-packages:/home/dennis/code/project/install/smach_ros/lib/python3.8/site-packages:/home/dennis/code/project/install/smach_msgs/lib/python3.8/site-packages:/home/dennis/code/project/install/smach/lib/python3.8/site-packages:/home/dennis/code/project/install/rqt_joy/lib/python3.8/site-packages:/home/dennis/code/project/install/my_robot_slam/lib/python3.8/site-packages:/home/dennis/code/project/install/my_robot_navigation/lib/python3.8/site-packages:/home/dennis/code/project/install/img_pub/lib/python3.8/site-packages:/home/dennis/code/project/install/custom_msg/lib/python3.8/site-packages:/home/dennis/code/project/install/curator/lib/python3.8/site-packages:/home/dennis/code/project/install/arams/lib/python3.8/site-packages:/home/dennis/code/project/install/apriltag_msgs/lib/python3.8/site-packages:/home/dennis/code/project/install/apriltag_listener/lib/python3.8/site-packages:/opt/ros/foxy/lib/python3.8/site-packages
# makefile
MAKEFLAGS = pqrR
# environment
MFLAGS = -pqrR
# automatic
*D = $(patsubst %/,%,$(dir $*))
# environment
ROS_VERSION = 2
# automatic
+D = $(patsubst %/,%,$(dir $+))
# environment
GDK_BACKEND = x11
# environment
LC_PAPER = de_DE.UTF-8
# environment
QT_ACCESSIBILITY = 1
# default
MAKEFILES := 
# environment
LC_NUMERIC = de_DE.UTF-8
# automatic
<F = $(notdir $<)
# environment
PLATFORMIO_CALLER = vscode
# environment
LC_MEASUREMENT = de_DE.UTF-8
# environment
LC_ALL = C
# environment
GJS_DEBUG_TOPICS = JS ERROR;JS LOG
# automatic
^F = $(notdir $^)
# default
SUFFIXES := 
# environment
CHROME_DESKTOP = code-url-handler.desktop
# environment
WINDOWPATH = 2
# default
.INCLUDE_DIRS = /usr/include /usr/local/include /usr/include
# environment
LC_IDENTIFICATION = de_DE.UTF-8
# default
.RECIPEPREFIX := 
# environment
LC_ADDRESS = de_DE.UTF-8
# environment
LANG = C
# environment
VSCODE_PID = 4289
# variable set hash-table stats:
# Load=117/1024=11%, Rehash=0, Collisions=24/139=17%

# Pattern-specific Variable Values

# No pattern-specific variable values.

# Directories

# . (device 66310, inode 2101193): 12 files, no impossibilities.

# 12 files, no impossibilities in 1 directories.

# Implicit Rules

# No implicit rules.

# Files

# Not a target:
all:
#  Command line target.
#  Implicit rule search has been done.
#  File does not exist.
#  File has not been updated.

# Not a target:
 
make: *** No rule to make target 'all'.  Stop.

Makefile:
#  Implicit rule search has been done.
#  File does not exist.
#  File has been updated.
#  Failed to be updated.

# Not a target:
makefile:
#  Implicit rule search has been done.
#  File does not exist.
#  File has been updated.
#  Failed to be updated.

# Not a target:
.DEFAULT:
#  Implicit rule search has not been done.
#  Modification time never checked.
#  File has not been updated.

# Not a target:
GNUmakefile:
#  Implicit rule search has been done.
#  File does not exist.
#  File has been updated.
#  Failed to be updated.

# files hash-table stats:
# Load=6/1024=1%, Rehash=0, Collisions=0/15=0%
# VPATH Search Paths

# No 'vpath' search paths.

# No general ('VPATH' variable) search path.

# strcache buffers: 1 (0) / strings = 20 / storage = 181 B / avg = 9 B
# current buf: size = 8162 B / used = 181 B / count = 20 / avg = 9 B

# strcache performance: lookups = 23 / hit rate = 13%
# hash-table stats:
# Load=20/8192=0%, Rehash=0, Collisions=1/23=4%
# Finished Make data base on Sun Aug  7 11:51:31 2022

 
